0 info it worked if it ends with ok
1 verbose cli [ 'node',
1 verbose cli   '/usr/local/bin/npm',
1 verbose cli   'uninstall',
1 verbose cli   'crunchbase',
1 verbose cli   '--save' ]
2 info using npm@1.4.28
3 info using node@v0.10.35
4 verbose node_modules/crunchbase unbuild
5 info preuninstall crunchbase@0.1.2
6 info uninstall crunchbase@0.1.2
7 verbose true,/Users/Beorn/WDI/projects/Project1Rev/node_modules,/Users/Beorn/WDI/projects/Project1Rev/node_modules unbuild crunchbase@0.1.2
8 info postuninstall crunchbase@0.1.2
9 error Error: EACCES, unlink '/Users/Beorn/WDI/projects/Project1Rev/node_modules/crunchbase/node_modules/request/node_modules/.bin/har-validator'
9 error  { [Error: EACCES, unlink '/Users/Beorn/WDI/projects/Project1Rev/node_modules/crunchbase/node_modules/request/node_modules/.bin/har-validator']
9 error   errno: 3,
9 error   code: 'EACCES',
9 error   path: '/Users/Beorn/WDI/projects/Project1Rev/node_modules/crunchbase/node_modules/request/node_modules/.bin/har-validator' }
10 error Please try running this command again as root/Administrator.
11 error System Darwin 14.3.0
12 error command "node" "/usr/local/bin/npm" "uninstall" "crunchbase" "--save"
13 error cwd /Users/Beorn/WDI/projects/Project1Rev
14 error node -v v0.10.35
15 error npm -v 1.4.28
16 error path /Users/Beorn/WDI/projects/Project1Rev/node_modules/crunchbase/node_modules/request/node_modules/.bin/har-validator
17 error code EACCES
18 error errno 3
19 error stack Error: EACCES, unlink '/Users/Beorn/WDI/projects/Project1Rev/node_modules/crunchbase/node_modules/request/node_modules/.bin/har-validator'
20 verbose exit [ 3, true ]
